<?xml version="1.0" encoding="UTF-8"?>
<testsuite name="SuperFarmerTest" tests="1" skipped="0" failures="0" errors="0" timestamp="2020-08-02T20:28:49" hostname="DESKTOP-VUOAR0M" time="0.003">
  <properties/>
  <testcase name="bigDogTrue" classname="SuperFarmerTest" time="0.003"/>
  <system-out><![CDATA[User move: PIG WOLF
]]></system-out>
  <system-err><![CDATA[]]></system-err>
</testsuite>
