<?xml version="1.0" encoding="UTF-8"?>
<testsuite name="SuperFarmerTest" tests="6" skipped="0" failures="0" errors="0" timestamp="2020-08-01T19:16:27" hostname="DESKTOP-VUOAR0M" time="0.008">
  <properties/>
  <testcase name="testUserRabbitWolfOrangeUser" classname="SuperFarmerTest" time="0.004"/>
  <testcase name="testUserRabbitFoxUser" classname="SuperFarmerTest" time="0.001"/>
  <testcase name="checkAnimalsInCollectionComputer" classname="SuperFarmerTest" time="0.001"/>
  <testcase name="checkAnimalsInCollectionUser" classname="SuperFarmerTest" time="0.001"/>
  <testcase name="testUserRabbitRabbitUser" classname="SuperFarmerTest" time="0.0"/>
  <testcase name="testUserRabbitWolfBlueUser" classname="SuperFarmerTest" time="0.001"/>
  <system-out><![CDATA[User move: WOLF RABBIT
User + RABBIT
User move: RABBIT FOX
User + RABBIT
User move: RABBIT RABBIT
User +RABBIT
User move: RABBIT WOLF
User + RABBIT
]]></system-out>
  <system-err><![CDATA[]]></system-err>
</testsuite>
